This file contains any messages produced by compilers while
running configure, to aid debugging if configure makes a mistake.

It was created by cscope configure 15.9, which was
generated by GNU Autoconf 2.69.  Invocation command line was

  $ ./configure 

## --------- ##
## Platform. ##
## --------- ##

hostname = chenchen-P41-ES3G
uname -m = x86_64
uname -r = 4.15.0-34-generic
uname -s = Linux
uname -v = #37-Ubuntu SMP Mon Aug 27 15:21:48 UTC 2018

/usr/bin/uname -p = unknown
/bin/uname -X     = unknown

/bin/arch              = unknown
/usr/bin/arch -k       = unknown
/usr/convex/getsysinfo = unknown
/usr/bin/hostinfo      = unknown
/bin/machine           = unknown
/usr/bin/oslevel       = unknown
/bin/universe          = unknown

PATH: /usr/local/sbin
PATH: /usr/local/bin
PATH: /usr/sbin
PATH: /usr/bin
PATH: /sbin
PATH: /bin
PATH: /snap/bin


## ----------- ##
## Core tests. ##
## ----------- ##

configure:2351: checking for a BSD-compatible install
configure:2419: result: /usr/bin/install -c
configure:2430: checking whether build environment is sane
configure:2485: result: yes
configure:2636: checking for a thread-safe mkdir -p
configure:2675: result: /bin/mkdir -p
configure:2682: checking for gawk
configure:2712: result: no
configure:2682: checking for mawk
configure:2698: found /usr/bin/mawk
configure:2709: result: mawk
configure:2720: checking whether make sets $(MAKE)
configure:2742: result: yes
configure:2771: checking whether make supports nested variables
configure:2788: result: yes
configure:2921: checking build system type
configure:2935: result: x86_64-pc-linux-gnu
configure:2955: checking host system type
configure:2968: result: x86_64-pc-linux-gnu
configure:3002: checking for style of include used by make
configure:3030: result: GNU
configure:3101: checking for gcc
configure:3117: found /usr/bin/gcc
configure:3128: result: gcc
configure:3357: checking for C compiler version
configure:3366: gcc --version >&5
gcc (Ubuntu 7.3.0-16ubuntu3) 7.3.0
Copyright (C) 2017 Free Software Foundation, Inc.
This is free software; see the source for copying conditions.  There is NO
warranty; not even for MERCHANTABILITY or FITNESS FOR A PARTICULAR PURPOSE.

configure:3377: $? = 0
configure:3366: gcc -v >&5
Using built-in specs.
COLLECT_GCC=gcc
COLLECT_LTO_WRAPPER=/usr/lib/gcc/x86_64-linux-gnu/7/lto-wrapper
OFFLOAD_TARGET_NAMES=nvptx-none
OFFLOAD_TARGET_DEFAULT=1
Target: x86_64-linux-gnu
Configured with: ../src/configure -v --with-pkgversion='Ubuntu 7.3.0-16ubuntu3' --with-bugurl=file:///usr/share/doc/gcc-7/README.Bugs --enable-languages=c,ada,c++,go,brig,d,fortran,objc,obj-c++ --prefix=/usr --with-gcc-major-version-only --with-as=/usr/bin/x86_64-linux-gnu-as --with-ld=/usr/bin/x86_64-linux-gnu-ld --program-suffix=-7 --program-prefix=x86_64-linux-gnu- --enable-shared --enable-linker-build-id --libexecdir=/usr/lib --without-included-gettext --enable-threads=posix --libdir=/usr/lib --enable-nls --with-sysroot=/ --enable-clocale=gnu --enable-libstdcxx-debug --enable-libstdcxx-time=yes --with-default-libstdcxx-abi=new --enable-gnu-unique-object --disable-vtable-verify --enable-libmpx --enable-plugin --enable-default-pie --with-system-zlib --with-target-system-zlib --enable-objc-gc=auto --enable-multiarch --disable-werror --with-arch-32=i686 --with-abi=m64 --with-multilib-list=m32,m64,mx32 --enable-multilib --with-tune=generic --enable-offload-targets=nvptx-none --without-cuda-driver --enable-checking=release --build=x86_64-linux-gnu --host=x86_64-linux-gnu --target=x86_64-linux-gnu
Thread model: posix
gcc version 7.3.0 (Ubuntu 7.3.0-16ubuntu3) 
configure:3377: $? = 0
configure:3366: gcc -V >&5
gcc: error: unrecognized command line option '-V'
gcc: fatal error: no input files
compilation terminated.
configure:3377: $? = 1
configure:3366: gcc -qversion >&5
gcc: error: unrecognized command line option '-qversion'; did you mean '--version'?
gcc: fatal error: no input files
compilation terminated.
configure:3377: $? = 1
configure:3397: checking whether the C compiler works
configure:3419: gcc    conftest.c  >&5
configure:3423: $? = 0
configure:3471: result: yes
configure:3474: checking for C compiler default output file name
configure:3476: result: a.out
configure:3482: checking for suffix of executables
configure:3489: gcc -o conftest    conftest.c  >&5
configure:3493: $? = 0
configure:3515: result: 
configure:3537: checking whether we are cross compiling
configure:3545: gcc -o conftest    conftest.c  >&5
configure:3549: $? = 0
configure:3556: ./conftest
configure:3560: $? = 0
configure:3575: result: no
configure:3580: checking for suffix of object files
configure:3602: gcc -c   conftest.c >&5
configure:3606: $? = 0
configure:3627: result: o
configure:3631: checking whether we are using the GNU C compiler
configure:3650: gcc -c   conftest.c >&5
configure:3650: $? = 0
configure:3659: result: yes
configure:3668: checking whether gcc accepts -g
configure:3688: gcc -c -g  conftest.c >&5
configure:3688: $? = 0
configure:3729: result: yes
configure:3746: checking for gcc option to accept ISO C89
configure:3809: gcc  -c -g -O2  conftest.c >&5
configure:3809: $? = 0
configure:3822: result: none needed
configure:3847: checking whether gcc understands -c and -o together
configure:3869: gcc -c conftest.c -o conftest2.o
configure:3872: $? = 0
configure:3869: gcc -c conftest.c -o conftest2.o
configure:3872: $? = 0
configure:3884: result: yes
configure:3903: checking dependency style of gcc
configure:4014: result: gcc3
configure:4035: checking how to run the C preprocessor
configure:4066: gcc -E  conftest.c
configure:4066: $? = 0
configure:4080: gcc -E  conftest.c
conftest.c:11:10: fatal error: ac_nonexistent.h: No such file or directory
 #include <ac_nonexistent.h>
          ^~~~~~~~~~~~~~~~~~
compilation terminated.
configure:4080: $? = 1
configure: failed program was:
| /* confdefs.h */
| #define PACKAGE_NAME "cscope"
| #define PACKAGE_TARNAME "cscope"
| #define PACKAGE_VERSION "15.9"
| #define PACKAGE_STRING "cscope 15.9"
| #define PACKAGE_BUGREPORT ""
| #define PACKAGE_URL ""
| #define PACKAGE "cscope"
| #define VERSION "15.9"
| /* end confdefs.h.  */
| #include <ac_nonexistent.h>
configure:4105: result: gcc -E
configure:4125: gcc -E  conftest.c
configure:4125: $? = 0
configure:4139: gcc -E  conftest.c
conftest.c:11:10: fatal error: ac_nonexistent.h: No such file or directory
 #include <ac_nonexistent.h>
          ^~~~~~~~~~~~~~~~~~
compilation terminated.
configure:4139: $? = 1
configure: failed program was:
| /* confdefs.h */
| #define PACKAGE_NAME "cscope"
| #define PACKAGE_TARNAME "cscope"
| #define PACKAGE_VERSION "15.9"
| #define PACKAGE_STRING "cscope 15.9"
| #define PACKAGE_BUGREPORT ""
| #define PACKAGE_URL ""
| #define PACKAGE "cscope"
| #define VERSION "15.9"
| /* end confdefs.h.  */
| #include <ac_nonexistent.h>
configure:4168: checking for grep that handles long lines and -e
configure:4226: result: /bin/grep
configure:4231: checking for egrep
configure:4293: result: /bin/grep -E
configure:4298: checking for ANSI C header files
configure:4318: gcc -c -g -O2  conftest.c >&5
configure:4318: $? = 0
configure:4391: gcc -o conftest -g -O2   conftest.c  >&5
configure:4391: $? = 0
configure:4391: ./conftest
configure:4391: $? = 0
configure:4402: result: yes
configure:4415: checking for sys/types.h
configure:4415: gcc -c -g -O2  conftest.c >&5
configure:4415: $? = 0
configure:4415: result: yes
configure:4415: checking for sys/stat.h
configure:4415: gcc -c -g -O2  conftest.c >&5
configure:4415: $? = 0
configure:4415: result: yes
configure:4415: checking for stdlib.h
configure:4415: gcc -c -g -O2  conftest.c >&5
configure:4415: $? = 0
configure:4415: result: yes
configure:4415: checking for string.h
configure:4415: gcc -c -g -O2  conftest.c >&5
configure:4415: $? = 0
configure:4415: result: yes
configure:4415: checking for memory.h
configure:4415: gcc -c -g -O2  conftest.c >&5
configure:4415: $? = 0
configure:4415: result: yes
configure:4415: checking for strings.h
configure:4415: gcc -c -g -O2  conftest.c >&5
configure:4415: $? = 0
configure:4415: result: yes
configure:4415: checking for inttypes.h
configure:4415: gcc -c -g -O2  conftest.c >&5
configure:4415: $? = 0
configure:4415: result: yes
configure:4415: checking for stdint.h
configure:4415: gcc -c -g -O2  conftest.c >&5
configure:4415: $? = 0
configure:4415: result: yes
configure:4415: checking for unistd.h
configure:4415: gcc -c -g -O2  conftest.c >&5
configure:4415: $? = 0
configure:4415: result: yes
configure:4428: checking minix/config.h usability
configure:4428: gcc -c -g -O2  conftest.c >&5
conftest.c:54:10: fatal error: minix/config.h: No such file or directory
 #include <minix/config.h>
          ^~~~~~~~~~~~~~~~
compilation terminated.
configure:4428: $? = 1
configure: failed program was:
| /* confdefs.h */
| #define PACKAGE_NAME "cscope"
| #define PACKAGE_TARNAME "cscope"
| #define PACKAGE_VERSION "15.9"
| #define PACKAGE_STRING "cscope 15.9"
| #define PACKAGE_BUGREPORT ""
| #define PACKAGE_URL ""
| #define PACKAGE "cscope"
| #define VERSION "15.9"
| #define STDC_HEADERS 1
| #define HAVE_SYS_TYPES_H 1
| #define HAVE_SYS_STAT_H 1
| #define HAVE_STDLIB_H 1
| #define HAVE_STRING_H 1
| #define HAVE_MEMORY_H 1
| #define HAVE_STRINGS_H 1
| #define HAVE_INTTYPES_H 1
| #define HAVE_STDINT_H 1
| #define HAVE_UNISTD_H 1
| /* end confdefs.h.  */
| #include <stdio.h>
| #ifdef HAVE_SYS_TYPES_H
| # include <sys/types.h>
| #endif
| #ifdef HAVE_SYS_STAT_H
| # include <sys/stat.h>
| #endif
| #ifdef STDC_HEADERS
| # include <stdlib.h>
| # include <stddef.h>
| #else
| # ifdef HAVE_STDLIB_H
| #  include <stdlib.h>
| # endif
| #endif
| #ifdef HAVE_STRING_H
| # if !defined STDC_HEADERS && defined HAVE_MEMORY_H
| #  include <memory.h>
| # endif
| # include <string.h>
| #endif
| #ifdef HAVE_STRINGS_H
| # include <strings.h>
| #endif
| #ifdef HAVE_INTTYPES_H
| # include <inttypes.h>
| #endif
| #ifdef HAVE_STDINT_H
| # include <stdint.h>
| #endif
| #ifdef HAVE_UNISTD_H
| # include <unistd.h>
| #endif
| #include <minix/config.h>
configure:4428: result: no
configure:4428: checking minix/config.h presence
configure:4428: gcc -E  conftest.c
conftest.c:21:10: fatal error: minix/config.h: No such file or directory
 #include <minix/config.h>
          ^~~~~~~~~~~~~~~~
compilation terminated.
configure:4428: $? = 1
configure: failed program was:
| /* confdefs.h */
| #define PACKAGE_NAME "cscope"
| #define PACKAGE_TARNAME "cscope"
| #define PACKAGE_VERSION "15.9"
| #define PACKAGE_STRING "cscope 15.9"
| #define PACKAGE_BUGREPORT ""
| #define PACKAGE_URL ""
| #define PACKAGE "cscope"
| #define VERSION "15.9"
| #define STDC_HEADERS 1
| #define HAVE_SYS_TYPES_H 1
| #define HAVE_SYS_STAT_H 1
| #define HAVE_STDLIB_H 1
| #define HAVE_STRING_H 1
| #define HAVE_MEMORY_H 1
| #define HAVE_STRINGS_H 1
| #define HAVE_INTTYPES_H 1
| #define HAVE_STDINT_H 1
| #define HAVE_UNISTD_H 1
| /* end confdefs.h.  */
| #include <minix/config.h>
configure:4428: result: no
configure:4428: checking for minix/config.h
configure:4428: result: no
configure:4449: checking whether it is safe to define __EXTENSIONS__
configure:4467: gcc -c -g -O2  conftest.c >&5
configure:4467: $? = 0
configure:4474: result: yes
configure:4536: checking for gcc
configure:4563: result: gcc
configure:4792: checking for C compiler version
configure:4801: gcc --version >&5
gcc (Ubuntu 7.3.0-16ubuntu3) 7.3.0
Copyright (C) 2017 Free Software Foundation, Inc.
This is free software; see the source for copying conditions.  There is NO
warranty; not even for MERCHANTABILITY or FITNESS FOR A PARTICULAR PURPOSE.

configure:4812: $? = 0
configure:4801: gcc -v >&5
Using built-in specs.
COLLECT_GCC=gcc
COLLECT_LTO_WRAPPER=/usr/lib/gcc/x86_64-linux-gnu/7/lto-wrapper
OFFLOAD_TARGET_NAMES=nvptx-none
OFFLOAD_TARGET_DEFAULT=1
Target: x86_64-linux-gnu
Configured with: ../src/configure -v --with-pkgversion='Ubuntu 7.3.0-16ubuntu3' --with-bugurl=file:///usr/share/doc/gcc-7/README.Bugs --enable-languages=c,ada,c++,go,brig,d,fortran,objc,obj-c++ --prefix=/usr --with-gcc-major-version-only --with-as=/usr/bin/x86_64-linux-gnu-as --with-ld=/usr/bin/x86_64-linux-gnu-ld --program-suffix=-7 --program-prefix=x86_64-linux-gnu- --enable-shared --enable-linker-build-id --libexecdir=/usr/lib --without-included-gettext --enable-threads=posix --libdir=/usr/lib --enable-nls --with-sysroot=/ --enable-clocale=gnu --enable-libstdcxx-debug --enable-libstdcxx-time=yes --with-default-libstdcxx-abi=new --enable-gnu-unique-object --disable-vtable-verify --enable-libmpx --enable-plugin --enable-default-pie --with-system-zlib --with-target-system-zlib --enable-objc-gc=auto --enable-multiarch --disable-werror --with-arch-32=i686 --with-abi=m64 --with-multilib-list=m32,m64,mx32 --enable-multilib --with-tune=generic --enable-offload-targets=nvptx-none --without-cuda-driver --enable-checking=release --build=x86_64-linux-gnu --host=x86_64-linux-gnu --target=x86_64-linux-gnu
Thread model: posix
gcc version 7.3.0 (Ubuntu 7.3.0-16ubuntu3) 
configure:4812: $? = 0
configure:4801: gcc -V >&5
gcc: error: unrecognized command line option '-V'
gcc: fatal error: no input files
compilation terminated.
configure:4812: $? = 1
configure:4801: gcc -qversion >&5
gcc: error: unrecognized command line option '-qversion'; did you mean '--version'?
gcc: fatal error: no input files
compilation terminated.
configure:4812: $? = 1
configure:4816: checking whether we are using the GNU C compiler
configure:4844: result: yes
configure:4853: checking whether gcc accepts -g
configure:4914: result: yes
configure:4931: checking for gcc option to accept ISO C89
configure:5007: result: none needed
configure:5032: checking whether gcc understands -c and -o together
configure:5069: result: yes
configure:5088: checking dependency style of gcc
configure:5199: result: gcc3
configure:5220: checking for flex
configure:5250: result: no
configure:5220: checking for lex
configure:5250: result: no
configure:5394: checking for bison
configure:5424: result: no
configure:5394: checking for byacc
configure:5424: result: no
configure:5441: checking for special C compiler options needed for large files
configure:5486: result: no
configure:5492: checking for _FILE_OFFSET_BITS value needed for large files
configure:5517: gcc -c -g -O2  conftest.c >&5
configure:5517: $? = 0
configure:5549: result: no
configure:5779: checking "location of ncurses.h file"...
conftest.c:26:10: fatal error: curses.h: No such file or directory
 #include <curses.h>
          ^~~~~~~~~~
compilation terminated.
conftest.c:27:10: fatal error: curses.h: No such file or directory
 #include <curses.h>
          ^~~~~~~~~~
compilation terminated.
configure:6031: checking regex.h usability
configure:6031: gcc -c -g -O2  conftest.c >&5
configure:6031: $? = 0
configure:6031: result: yes
configure:6031: checking regex.h presence
configure:6031: gcc -E  conftest.c
configure:6031: $? = 0
configure:6031: result: yes
configure:6031: checking for regex.h
configure:6031: result: yes
configure:6042: checking for regcomp in -lregex
configure:6067: gcc -o conftest -g -O2   conftest.c -lregex   >&5
/usr/bin/x86_64-linux-gnu-ld: cannot find -lregex
collect2: error: ld returned 1 exit status
configure:6067: $? = 1
configure: failed program was:
| /* confdefs.h */
| #define PACKAGE_NAME "cscope"
| #define PACKAGE_TARNAME "cscope"
| #define PACKAGE_VERSION "15.9"
| #define PACKAGE_STRING "cscope 15.9"
| #define PACKAGE_BUGREPORT ""
| #define PACKAGE_URL ""
| #define PACKAGE "cscope"
| #define VERSION "15.9"
| #define STDC_HEADERS 1
| #define HAVE_SYS_TYPES_H 1
| #define HAVE_SYS_STAT_H 1
| #define HAVE_STDLIB_H 1
| #define HAVE_STRING_H 1
| #define HAVE_MEMORY_H 1
| #define HAVE_STRINGS_H 1
| #define HAVE_INTTYPES_H 1
| #define HAVE_STDINT_H 1
| #define HAVE_UNISTD_H 1
| #define __EXTENSIONS__ 1
| #define _ALL_SOURCE 1
| #define _GNU_SOURCE 1
| #define _POSIX_PTHREAD_SEMANTICS 1
| #define _TANDEM_SOURCE 1
| /* end confdefs.h.  */
| 
| /* Override any GCC internal prototype to avoid an error.
|    Use char because int might match the return type of a GCC
|    builtin and then its argument prototype would still apply.  */
| #ifdef __cplusplus
| extern "C"
| #endif
| char regcomp ();
| int
| main ()
| {
| return regcomp ();
|   ;
|   return 0;
| }
configure:6076: result: no
configure:6095: checking for gnome-config
configure:6125: result: no
configure:6132: checking for pkg-config
configure:6162: result: no
configure:6204: checking for dirent.h that defines DIR
configure:6223: gcc -c -g -O2  conftest.c >&5
configure:6223: $? = 0
configure:6231: result: yes
configure:6244: checking for library containing opendir
configure:6275: gcc -o conftest -g -O2   conftest.c  >&5
configure:6275: $? = 0
configure:6292: result: none required
configure:6359: checking for ANSI C header files
configure:6463: result: yes
configure:6474: checking fcntl.h usability
configure:6474: gcc -c -g -O2  conftest.c >&5
configure:6474: $? = 0
configure:6474: result: yes
configure:6474: checking fcntl.h presence
configure:6474: gcc -E  conftest.c
configure:6474: $? = 0
configure:6474: result: yes
configure:6474: checking for fcntl.h
configure:6474: result: yes
configure:6474: checking sys/window.h usability
configure:6474: gcc -c -g -O2  conftest.c >&5
conftest.c:62:10: fatal error: sys/window.h: No such file or directory
 #include <sys/window.h>
          ^~~~~~~~~~~~~~
compilation terminated.
configure:6474: $? = 1
configure: failed program was:
| /* confdefs.h */
| #define PACKAGE_NAME "cscope"
| #define PACKAGE_TARNAME "cscope"
| #define PACKAGE_VERSION "15.9"
| #define PACKAGE_STRING "cscope 15.9"
| #define PACKAGE_BUGREPORT ""
| #define PACKAGE_URL ""
| #define PACKAGE "cscope"
| #define VERSION "15.9"
| #define STDC_HEADERS 1
| #define HAVE_SYS_TYPES_H 1
| #define HAVE_SYS_STAT_H 1
| #define HAVE_STDLIB_H 1
| #define HAVE_STRING_H 1
| #define HAVE_MEMORY_H 1
| #define HAVE_STRINGS_H 1
| #define HAVE_INTTYPES_H 1
| #define HAVE_STDINT_H 1
| #define HAVE_UNISTD_H 1
| #define __EXTENSIONS__ 1
| #define _ALL_SOURCE 1
| #define _GNU_SOURCE 1
| #define _POSIX_PTHREAD_SEMANTICS 1
| #define _TANDEM_SOURCE 1
| #define HAVE_DIRENT_H 1
| #define STDC_HEADERS 1
| #define HAVE_FCNTL_H 1
| /* end confdefs.h.  */
| #include <stdio.h>
| #ifdef HAVE_SYS_TYPES_H
| # include <sys/types.h>
| #endif
| #ifdef HAVE_SYS_STAT_H
| # include <sys/stat.h>
| #endif
| #ifdef STDC_HEADERS
| # include <stdlib.h>
| # include <stddef.h>
| #else
| # ifdef HAVE_STDLIB_H
| #  include <stdlib.h>
| # endif
| #endif
| #ifdef HAVE_STRING_H
| # if !defined STDC_HEADERS && defined HAVE_MEMORY_H
| #  include <memory.h>
| # endif
| # include <string.h>
| #endif
| #ifdef HAVE_STRINGS_H
| # include <strings.h>
| #endif
| #ifdef HAVE_INTTYPES_H
| # include <inttypes.h>
| #endif
| #ifdef HAVE_STDINT_H
| # include <stdint.h>
| #endif
| #ifdef HAVE_UNISTD_H
| # include <unistd.h>
| #endif
| #include <sys/window.h>
configure:6474: result: no
configure:6474: checking sys/window.h presence
configure:6474: gcc -E  conftest.c
conftest.c:29:10: fatal error: sys/window.h: No such file or directory
 #include <sys/window.h>
          ^~~~~~~~~~~~~~
compilation terminated.
configure:6474: $? = 1
configure: failed program was:
| /* confdefs.h */
| #define PACKAGE_NAME "cscope"
| #define PACKAGE_TARNAME "cscope"
| #define PACKAGE_VERSION "15.9"
| #define PACKAGE_STRING "cscope 15.9"
| #define PACKAGE_BUGREPORT ""
| #define PACKAGE_URL ""
| #define PACKAGE "cscope"
| #define VERSION "15.9"
| #define STDC_HEADERS 1
| #define HAVE_SYS_TYPES_H 1
| #define HAVE_SYS_STAT_H 1
| #define HAVE_STDLIB_H 1
| #define HAVE_STRING_H 1
| #define HAVE_MEMORY_H 1
| #define HAVE_STRINGS_H 1
| #define HAVE_INTTYPES_H 1
| #define HAVE_STDINT_H 1
| #define HAVE_UNISTD_H 1
| #define __EXTENSIONS__ 1
| #define _ALL_SOURCE 1
| #define _GNU_SOURCE 1
| #define _POSIX_PTHREAD_SEMANTICS 1
| #define _TANDEM_SOURCE 1
| #define HAVE_DIRENT_H 1
| #define STDC_HEADERS 1
| #define HAVE_FCNTL_H 1
| /* end confdefs.h.  */
| #include <sys/window.h>
configure:6474: result: no
configure:6474: checking for sys/window.h
configure:6474: result: no
configure:6474: checking sys/termios.h usability
configure:6474: gcc -c -g -O2  conftest.c >&5
configure:6474: $? = 0
configure:6474: result: yes
configure:6474: checking sys/termios.h presence
configure:6474: gcc -E  conftest.c
configure:6474: $? = 0
configure:6474: result: yes
configure:6474: checking for sys/termios.h
configure:6474: result: yes
configure:6474: checking for unistd.h
configure:6474: result: yes
configure:6474: checking signal.h usability
configure:6474: gcc -c -g -O2  conftest.c >&5
configure:6474: $? = 0
configure:6474: result: yes
configure:6474: checking signal.h presence
configure:6474: gcc -E  conftest.c
configure:6474: $? = 0
configure:6474: result: yes
configure:6474: checking for signal.h
configure:6474: result: yes
configure:6474: checking floss.h usability
configure:6474: gcc -c -g -O2  conftest.c >&5
conftest.c:65:10: fatal error: floss.h: No such file or directory
 #include <floss.h>
          ^~~~~~~~~
compilation terminated.
configure:6474: $? = 1
configure: failed program was:
| /* confdefs.h */
| #define PACKAGE_NAME "cscope"
| #define PACKAGE_TARNAME "cscope"
| #define PACKAGE_VERSION "15.9"
| #define PACKAGE_STRING "cscope 15.9"
| #define PACKAGE_BUGREPORT ""
| #define PACKAGE_URL ""
| #define PACKAGE "cscope"
| #define VERSION "15.9"
| #define STDC_HEADERS 1
| #define HAVE_SYS_TYPES_H 1
| #define HAVE_SYS_STAT_H 1
| #define HAVE_STDLIB_H 1
| #define HAVE_STRING_H 1
| #define HAVE_MEMORY_H 1
| #define HAVE_STRINGS_H 1
| #define HAVE_INTTYPES_H 1
| #define HAVE_STDINT_H 1
| #define HAVE_UNISTD_H 1
| #define __EXTENSIONS__ 1
| #define _ALL_SOURCE 1
| #define _GNU_SOURCE 1
| #define _POSIX_PTHREAD_SEMANTICS 1
| #define _TANDEM_SOURCE 1
| #define HAVE_DIRENT_H 1
| #define STDC_HEADERS 1
| #define HAVE_FCNTL_H 1
| #define HAVE_SYS_TERMIOS_H 1
| #define HAVE_UNISTD_H 1
| #define HAVE_SIGNAL_H 1
| /* end confdefs.h.  */
| #include <stdio.h>
| #ifdef HAVE_SYS_TYPES_H
| # include <sys/types.h>
| #endif
| #ifdef HAVE_SYS_STAT_H
| # include <sys/stat.h>
| #endif
| #ifdef STDC_HEADERS
| # include <stdlib.h>
| # include <stddef.h>
| #else
| # ifdef HAVE_STDLIB_H
| #  include <stdlib.h>
| # endif
| #endif
| #ifdef HAVE_STRING_H
| # if !defined STDC_HEADERS && defined HAVE_MEMORY_H
| #  include <memory.h>
| # endif
| # include <string.h>
| #endif
| #ifdef HAVE_STRINGS_H
| # include <strings.h>
| #endif
| #ifdef HAVE_INTTYPES_H
| # include <inttypes.h>
| #endif
| #ifdef HAVE_STDINT_H
| # include <stdint.h>
| #endif
| #ifdef HAVE_UNISTD_H
| # include <unistd.h>
| #endif
| #include <floss.h>
configure:6474: result: no
configure:6474: checking floss.h presence
configure:6474: gcc -E  conftest.c
conftest.c:32:10: fatal error: floss.h: No such file or directory
 #include <floss.h>
          ^~~~~~~~~
compilation terminated.
configure:6474: $? = 1
configure: failed program was:
| /* confdefs.h */
| #define PACKAGE_NAME "cscope"
| #define PACKAGE_TARNAME "cscope"
| #define PACKAGE_VERSION "15.9"
| #define PACKAGE_STRING "cscope 15.9"
| #define PACKAGE_BUGREPORT ""
| #define PACKAGE_URL ""
| #define PACKAGE "cscope"
| #define VERSION "15.9"
| #define STDC_HEADERS 1
| #define HAVE_SYS_TYPES_H 1
| #define HAVE_SYS_STAT_H 1
| #define HAVE_STDLIB_H 1
| #define HAVE_STRING_H 1
| #define HAVE_MEMORY_H 1
| #define HAVE_STRINGS_H 1
| #define HAVE_INTTYPES_H 1
| #define HAVE_STDINT_H 1
| #define HAVE_UNISTD_H 1
| #define __EXTENSIONS__ 1
| #define _ALL_SOURCE 1
| #define _GNU_SOURCE 1
| #define _POSIX_PTHREAD_SEMANTICS 1
| #define _TANDEM_SOURCE 1
| #define HAVE_DIRENT_H 1
| #define STDC_HEADERS 1
| #define HAVE_FCNTL_H 1
| #define HAVE_SYS_TERMIOS_H 1
| #define HAVE_UNISTD_H 1
| #define HAVE_SIGNAL_H 1
| /* end confdefs.h.  */
| #include <floss.h>
configure:6474: result: no
configure:6474: checking for floss.h
configure:6474: result: no
configure:6474: checking io.h usability
configure:6474: gcc -c -g -O2  conftest.c >&5
conftest.c:65:10: fatal error: io.h: No such file or directory
 #include <io.h>
          ^~~~~~
compilation terminated.
configure:6474: $? = 1
configure: failed program was:
| /* confdefs.h */
| #define PACKAGE_NAME "cscope"
| #define PACKAGE_TARNAME "cscope"
| #define PACKAGE_VERSION "15.9"
| #define PACKAGE_STRING "cscope 15.9"
| #define PACKAGE_BUGREPORT ""
| #define PACKAGE_URL ""
| #define PACKAGE "cscope"
| #define VERSION "15.9"
| #define STDC_HEADERS 1
| #define HAVE_SYS_TYPES_H 1
| #define HAVE_SYS_STAT_H 1
| #define HAVE_STDLIB_H 1
| #define HAVE_STRING_H 1
| #define HAVE_MEMORY_H 1
| #define HAVE_STRINGS_H 1
| #define HAVE_INTTYPES_H 1
| #define HAVE_STDINT_H 1
| #define HAVE_UNISTD_H 1
| #define __EXTENSIONS__ 1
| #define _ALL_SOURCE 1
| #define _GNU_SOURCE 1
| #define _POSIX_PTHREAD_SEMANTICS 1
| #define _TANDEM_SOURCE 1
| #define HAVE_DIRENT_H 1
| #define STDC_HEADERS 1
| #define HAVE_FCNTL_H 1
| #define HAVE_SYS_TERMIOS_H 1
| #define HAVE_UNISTD_H 1
| #define HAVE_SIGNAL_H 1
| /* end confdefs.h.  */
| #include <stdio.h>
| #ifdef HAVE_SYS_TYPES_H
| # include <sys/types.h>
| #endif
| #ifdef HAVE_SYS_STAT_H
| # include <sys/stat.h>
| #endif
| #ifdef STDC_HEADERS
| # include <stdlib.h>
| # include <stddef.h>
| #else
| # ifdef HAVE_STDLIB_H
| #  include <stdlib.h>
| # endif
| #endif
| #ifdef HAVE_STRING_H
| # if !defined STDC_HEADERS && defined HAVE_MEMORY_H
| #  include <memory.h>
| # endif
| # include <string.h>
| #endif
| #ifdef HAVE_STRINGS_H
| # include <strings.h>
| #endif
| #ifdef HAVE_INTTYPES_H
| # include <inttypes.h>
| #endif
| #ifdef HAVE_STDINT_H
| # include <stdint.h>
| #endif
| #ifdef HAVE_UNISTD_H
| # include <unistd.h>
| #endif
| #include <io.h>
configure:6474: result: no
configure:6474: checking io.h presence
configure:6474: gcc -E  conftest.c
conftest.c:32:10: fatal error: io.h: No such file or directory
 #include <io.h>
          ^~~~~~
compilation terminated.
configure:6474: $? = 1
configure: failed program was:
| /* confdefs.h */
| #define PACKAGE_NAME "cscope"
| #define PACKAGE_TARNAME "cscope"
| #define PACKAGE_VERSION "15.9"
| #define PACKAGE_STRING "cscope 15.9"
| #define PACKAGE_BUGREPORT ""
| #define PACKAGE_URL ""
| #define PACKAGE "cscope"
| #define VERSION "15.9"
| #define STDC_HEADERS 1
| #define HAVE_SYS_TYPES_H 1
| #define HAVE_SYS_STAT_H 1
| #define HAVE_STDLIB_H 1
| #define HAVE_STRING_H 1
| #define HAVE_MEMORY_H 1
| #define HAVE_STRINGS_H 1
| #define HAVE_INTTYPES_H 1
| #define HAVE_STDINT_H 1
| #define HAVE_UNISTD_H 1
| #define __EXTENSIONS__ 1
| #define _ALL_SOURCE 1
| #define _GNU_SOURCE 1
| #define _POSIX_PTHREAD_SEMANTICS 1
| #define _TANDEM_SOURCE 1
| #define HAVE_DIRENT_H 1
| #define STDC_HEADERS 1
| #define HAVE_FCNTL_H 1
| #define HAVE_SYS_TERMIOS_H 1
| #define HAVE_UNISTD_H 1
| #define HAVE_SIGNAL_H 1
| /* end confdefs.h.  */
| #include <io.h>
configure:6474: result: no
configure:6474: checking for io.h
configure:6474: result: no
configure:6485: checking for an ANSI C-conforming const
configure:6551: gcc -c -g -O2  conftest.c >&5
configure:6551: $? = 0
configure:6558: result: yes
configure:6566: checking for mode_t
configure:6566: gcc -c -g -O2  conftest.c >&5
configure:6566: $? = 0
configure:6566: gcc -c -g -O2  conftest.c >&5
conftest.c: In function 'main':
conftest.c:68:21: error: expected expression before ')' token
 if (sizeof ((mode_t)))
                     ^
configure:6566: $? = 1
configure: failed program was:
| /* confdefs.h */
| #define PACKAGE_NAME "cscope"
| #define PACKAGE_TARNAME "cscope"
| #define PACKAGE_VERSION "15.9"
| #define PACKAGE_STRING "cscope 15.9"
| #define PACKAGE_BUGREPORT ""
| #define PACKAGE_URL ""
| #define PACKAGE "cscope"
| #define VERSION "15.9"
| #define STDC_HEADERS 1
| #define HAVE_SYS_TYPES_H 1
| #define HAVE_SYS_STAT_H 1
| #define HAVE_STDLIB_H 1
| #define HAVE_STRING_H 1
| #define HAVE_MEMORY_H 1
| #define HAVE_STRINGS_H 1
| #define HAVE_INTTYPES_H 1
| #define HAVE_STDINT_H 1
| #define HAVE_UNISTD_H 1
| #define __EXTENSIONS__ 1
| #define _ALL_SOURCE 1
| #define _GNU_SOURCE 1
| #define _POSIX_PTHREAD_SEMANTICS 1
| #define _TANDEM_SOURCE 1
| #define HAVE_DIRENT_H 1
| #define STDC_HEADERS 1
| #define HAVE_FCNTL_H 1
| #define HAVE_SYS_TERMIOS_H 1
| #define HAVE_UNISTD_H 1
| #define HAVE_SIGNAL_H 1
| /* end confdefs.h.  */
| #include <stdio.h>
| #ifdef HAVE_SYS_TYPES_H
| # include <sys/types.h>
| #endif
| #ifdef HAVE_SYS_STAT_H
| # include <sys/stat.h>
| #endif
| #ifdef STDC_HEADERS
| # include <stdlib.h>
| # include <stddef.h>
| #else
| # ifdef HAVE_STDLIB_H
| #  include <stdlib.h>
| # endif
| #endif
| #ifdef HAVE_STRING_H
| # if !defined STDC_HEADERS && defined HAVE_MEMORY_H
| #  include <memory.h>
| # endif
| # include <string.h>
| #endif
| #ifdef HAVE_STRINGS_H
| # include <strings.h>
| #endif
| #ifdef HAVE_INTTYPES_H
| # include <inttypes.h>
| #endif
| #ifdef HAVE_STDINT_H
| # include <stdint.h>
| #endif
| #ifdef HAVE_UNISTD_H
| # include <unistd.h>
| #endif
| int
| main ()
| {
| if (sizeof ((mode_t)))
| 	    return 0;
|   ;
|   return 0;
| }
configure:6566: result: yes
configure:6577: checking for pid_t
configure:6577: gcc -c -g -O2  conftest.c >&5
configure:6577: $? = 0
configure:6577: gcc -c -g -O2  conftest.c >&5
conftest.c: In function 'main':
conftest.c:68:20: error: expected expression before ')' token
 if (sizeof ((pid_t)))
                    ^
configure:6577: $? = 1
configure: failed program was:
| /* confdefs.h */
| #define PACKAGE_NAME "cscope"
| #define PACKAGE_TARNAME "cscope"
| #define PACKAGE_VERSION "15.9"
| #define PACKAGE_STRING "cscope 15.9"
| #define PACKAGE_BUGREPORT ""
| #define PACKAGE_URL ""
| #define PACKAGE "cscope"
| #define VERSION "15.9"
| #define STDC_HEADERS 1
| #define HAVE_SYS_TYPES_H 1
| #define HAVE_SYS_STAT_H 1
| #define HAVE_STDLIB_H 1
| #define HAVE_STRING_H 1
| #define HAVE_MEMORY_H 1
| #define HAVE_STRINGS_H 1
| #define HAVE_INTTYPES_H 1
| #define HAVE_STDINT_H 1
| #define HAVE_UNISTD_H 1
| #define __EXTENSIONS__ 1
| #define _ALL_SOURCE 1
| #define _GNU_SOURCE 1
| #define _POSIX_PTHREAD_SEMANTICS 1
| #define _TANDEM_SOURCE 1
| #define HAVE_DIRENT_H 1
| #define STDC_HEADERS 1
| #define HAVE_FCNTL_H 1
| #define HAVE_SYS_TERMIOS_H 1
| #define HAVE_UNISTD_H 1
| #define HAVE_SIGNAL_H 1
| /* end confdefs.h.  */
| #include <stdio.h>
| #ifdef HAVE_SYS_TYPES_H
| # include <sys/types.h>
| #endif
| #ifdef HAVE_SYS_STAT_H
| # include <sys/stat.h>
| #endif
| #ifdef STDC_HEADERS
| # include <stdlib.h>
| # include <stddef.h>
| #else
| # ifdef HAVE_STDLIB_H
| #  include <stdlib.h>
| # endif
| #endif
| #ifdef HAVE_STRING_H
| # if !defined STDC_HEADERS && defined HAVE_MEMORY_H
| #  include <memory.h>
| # endif
| # include <string.h>
| #endif
| #ifdef HAVE_STRINGS_H
| # include <strings.h>
| #endif
| #ifdef HAVE_INTTYPES_H
| # include <inttypes.h>
| #endif
| #ifdef HAVE_STDINT_H
| # include <stdint.h>
| #endif
| #ifdef HAVE_UNISTD_H
| # include <unistd.h>
| #endif
| int
| main ()
| {
| if (sizeof ((pid_t)))
| 	    return 0;
|   ;
|   return 0;
| }
configure:6577: result: yes
configure:6588: checking for size_t
configure:6588: gcc -c -g -O2  conftest.c >&5
configure:6588: $? = 0
configure:6588: gcc -c -g -O2  conftest.c >&5
conftest.c: In function 'main':
conftest.c:68:21: error: expected expression before ')' token
 if (sizeof ((size_t)))
                     ^
configure:6588: $? = 1
configure: failed program was:
| /* confdefs.h */
| #define PACKAGE_NAME "cscope"
| #define PACKAGE_TARNAME "cscope"
| #define PACKAGE_VERSION "15.9"
| #define PACKAGE_STRING "cscope 15.9"
| #define PACKAGE_BUGREPORT ""
| #define PACKAGE_URL ""
| #define PACKAGE "cscope"
| #define VERSION "15.9"
| #define STDC_HEADERS 1
| #define HAVE_SYS_TYPES_H 1
| #define HAVE_SYS_STAT_H 1
| #define HAVE_STDLIB_H 1
| #define HAVE_STRING_H 1
| #define HAVE_MEMORY_H 1
| #define HAVE_STRINGS_H 1
| #define HAVE_INTTYPES_H 1
| #define HAVE_STDINT_H 1
| #define HAVE_UNISTD_H 1
| #define __EXTENSIONS__ 1
| #define _ALL_SOURCE 1
| #define _GNU_SOURCE 1
| #define _POSIX_PTHREAD_SEMANTICS 1
| #define _TANDEM_SOURCE 1
| #define HAVE_DIRENT_H 1
| #define STDC_HEADERS 1
| #define HAVE_FCNTL_H 1
| #define HAVE_SYS_TERMIOS_H 1
| #define HAVE_UNISTD_H 1
| #define HAVE_SIGNAL_H 1
| /* end confdefs.h.  */
| #include <stdio.h>
| #ifdef HAVE_SYS_TYPES_H
| # include <sys/types.h>
| #endif
| #ifdef HAVE_SYS_STAT_H
| # include <sys/stat.h>
| #endif
| #ifdef STDC_HEADERS
| # include <stdlib.h>
| # include <stddef.h>
| #else
| # ifdef HAVE_STDLIB_H
| #  include <stdlib.h>
| # endif
| #endif
| #ifdef HAVE_STRING_H
| # if !defined STDC_HEADERS && defined HAVE_MEMORY_H
| #  include <memory.h>
| # endif
| # include <string.h>
| #endif
| #ifdef HAVE_STRINGS_H
| # include <strings.h>
| #endif
| #ifdef HAVE_INTTYPES_H
| # include <inttypes.h>
| #endif
| #ifdef HAVE_STDINT_H
| # include <stdint.h>
| #endif
| #ifdef HAVE_UNISTD_H
| # include <unistd.h>
| #endif
| int
| main ()
| {
| if (sizeof ((size_t)))
| 	    return 0;
|   ;
|   return 0;
| }
configure:6588: result: yes
configure:6599: checking for sighandler_t
configure:6599: gcc -c -g -O2  conftest.c >&5
configure:6599: $? = 0
configure:6599: gcc -c -g -O2  conftest.c >&5
conftest.c: In function 'main':
conftest.c:40:27: error: expected expression before ')' token
 if (sizeof ((sighandler_t)))
                           ^
configure:6599: $? = 1
configure: failed program was:
| /* confdefs.h */
| #define PACKAGE_NAME "cscope"
| #define PACKAGE_TARNAME "cscope"
| #define PACKAGE_VERSION "15.9"
| #define PACKAGE_STRING "cscope 15.9"
| #define PACKAGE_BUGREPORT ""
| #define PACKAGE_URL ""
| #define PACKAGE "cscope"
| #define VERSION "15.9"
| #define STDC_HEADERS 1
| #define HAVE_SYS_TYPES_H 1
| #define HAVE_SYS_STAT_H 1
| #define HAVE_STDLIB_H 1
| #define HAVE_STRING_H 1
| #define HAVE_MEMORY_H 1
| #define HAVE_STRINGS_H 1
| #define HAVE_INTTYPES_H 1
| #define HAVE_STDINT_H 1
| #define HAVE_UNISTD_H 1
| #define __EXTENSIONS__ 1
| #define _ALL_SOURCE 1
| #define _GNU_SOURCE 1
| #define _POSIX_PTHREAD_SEMANTICS 1
| #define _TANDEM_SOURCE 1
| #define HAVE_DIRENT_H 1
| #define STDC_HEADERS 1
| #define HAVE_FCNTL_H 1
| #define HAVE_SYS_TERMIOS_H 1
| #define HAVE_UNISTD_H 1
| #define HAVE_SIGNAL_H 1
| /* end confdefs.h.  */
| 
| #ifdef HAVE_SIGNAL_H
| # include <signal.h>
| #endif
| 
| int
| main ()
| {
| if (sizeof ((sighandler_t)))
| 	    return 0;
|   ;
|   return 0;
| }
configure:6599: result: yes
configure:6608: checking for sigsetjmp
configure:6621: gcc -o conftest -g -O2   conftest.c  >&5
configure:6621: $? = 0
configure:6622: result: yes
configure:6637: checking for strchr
configure:6637: gcc -o conftest -g -O2   conftest.c  >&5
conftest.c:56:6: warning: conflicting types for built-in function 'strchr' [-Wbuiltin-declaration-mismatch]
 char strchr ();
      ^~~~~~
configure:6637: $? = 0
configure:6637: result: yes
configure:6637: checking for memcpy
configure:6637: gcc -o conftest -g -O2   conftest.c  >&5
conftest.c:57:6: warning: conflicting types for built-in function 'memcpy' [-Wbuiltin-declaration-mismatch]
 char memcpy ();
      ^~~~~~
configure:6637: $? = 0
configure:6637: result: yes
configure:6637: checking for memset
configure:6637: gcc -o conftest -g -O2   conftest.c  >&5
conftest.c:58:6: warning: conflicting types for built-in function 'memset' [-Wbuiltin-declaration-mismatch]
 char memset ();
      ^~~~~~
configure:6637: $? = 0
configure:6637: result: yes
configure:6637: checking for setmode
configure:6637: gcc -o conftest -g -O2   conftest.c  >&5
/tmp/ccRzBebv.o: In function `main':
/media/B/code/cscope-15.9/conftest.c:70: undefined reference to `setmode'
collect2: error: ld returned 1 exit status
configure:6637: $? = 1
configure: failed program was:
| /* confdefs.h */
| #define PACKAGE_NAME "cscope"
| #define PACKAGE_TARNAME "cscope"
| #define PACKAGE_VERSION "15.9"
| #define PACKAGE_STRING "cscope 15.9"
| #define PACKAGE_BUGREPORT ""
| #define PACKAGE_URL ""
| #define PACKAGE "cscope"
| #define VERSION "15.9"
| #define STDC_HEADERS 1
| #define HAVE_SYS_TYPES_H 1
| #define HAVE_SYS_STAT_H 1
| #define HAVE_STDLIB_H 1
| #define HAVE_STRING_H 1
| #define HAVE_MEMORY_H 1
| #define HAVE_STRINGS_H 1
| #define HAVE_INTTYPES_H 1
| #define HAVE_STDINT_H 1
| #define HAVE_UNISTD_H 1
| #define __EXTENSIONS__ 1
| #define _ALL_SOURCE 1
| #define _GNU_SOURCE 1
| #define _POSIX_PTHREAD_SEMANTICS 1
| #define _TANDEM_SOURCE 1
| #define HAVE_DIRENT_H 1
| #define STDC_HEADERS 1
| #define HAVE_FCNTL_H 1
| #define HAVE_SYS_TERMIOS_H 1
| #define HAVE_UNISTD_H 1
| #define HAVE_SIGNAL_H 1
| #define HAVE_SIGSETJMP 1
| #define HAVE_STRCHR 1
| #define HAVE_MEMCPY 1
| #define HAVE_MEMSET 1
| /* end confdefs.h.  */
| /* Define setmode to an innocuous variant, in case <limits.h> declares setmode.
|    For example, HP-UX 11i <limits.h> declares gettimeofday.  */
| #define setmode innocuous_setmode
| 
| /* System header to define __stub macros and hopefully few prototypes,
|     which can conflict with char setmode (); below.
|     Prefer <limits.h> to <assert.h> if __STDC__ is defined, since
|     <limits.h> exists even on freestanding compilers.  */
| 
| #ifdef __STDC__
| # include <limits.h>
| #else
| # include <assert.h>
| #endif
| 
| #undef setmode
| 
| /* Override any GCC internal prototype to avoid an error.
|    Use char because int might match the return type of a GCC
|    builtin and then its argument prototype would still apply.  */
| #ifdef __cplusplus
| extern "C"
| #endif
| char setmode ();
| /* The GNU C library defines this for functions which it implements
|     to always fail with ENOSYS.  Some functions are actually named
|     something starting with __ and the normal name is an alias.  */
| #if defined __stub_setmode || defined __stub___setmode
| choke me
| #endif
| 
| int
| main ()
| {
| return setmode ();
|   ;
|   return 0;
| }
configure:6637: result: no
configure:6637: checking for _setmode
configure:6637: gcc -o conftest -g -O2   conftest.c  >&5
/tmp/ccU5DLHD.o: In function `main':
/media/B/code/cscope-15.9/conftest.c:70: undefined reference to `_setmode'
collect2: error: ld returned 1 exit status
configure:6637: $? = 1
configure: failed program was:
| /* confdefs.h */
| #define PACKAGE_NAME "cscope"
| #define PACKAGE_TARNAME "cscope"
| #define PACKAGE_VERSION "15.9"
| #define PACKAGE_STRING "cscope 15.9"
| #define PACKAGE_BUGREPORT ""
| #define PACKAGE_URL ""
| #define PACKAGE "cscope"
| #define VERSION "15.9"
| #define STDC_HEADERS 1
| #define HAVE_SYS_TYPES_H 1
| #define HAVE_SYS_STAT_H 1
| #define HAVE_STDLIB_H 1
| #define HAVE_STRING_H 1
| #define HAVE_MEMORY_H 1
| #define HAVE_STRINGS_H 1
| #define HAVE_INTTYPES_H 1
| #define HAVE_STDINT_H 1
| #define HAVE_UNISTD_H 1
| #define __EXTENSIONS__ 1
| #define _ALL_SOURCE 1
| #define _GNU_SOURCE 1
| #define _POSIX_PTHREAD_SEMANTICS 1
| #define _TANDEM_SOURCE 1
| #define HAVE_DIRENT_H 1
| #define STDC_HEADERS 1
| #define HAVE_FCNTL_H 1
| #define HAVE_SYS_TERMIOS_H 1
| #define HAVE_UNISTD_H 1
| #define HAVE_SIGNAL_H 1
| #define HAVE_SIGSETJMP 1
| #define HAVE_STRCHR 1
| #define HAVE_MEMCPY 1
| #define HAVE_MEMSET 1
| /* end confdefs.h.  */
| /* Define _setmode to an innocuous variant, in case <limits.h> declares _setmode.
|    For example, HP-UX 11i <limits.h> declares gettimeofday.  */
| #define _setmode innocuous__setmode
| 
| /* System header to define __stub macros and hopefully few prototypes,
|     which can conflict with char _setmode (); below.
|     Prefer <limits.h> to <assert.h> if __STDC__ is defined, since
|     <limits.h> exists even on freestanding compilers.  */
| 
| #ifdef __STDC__
| # include <limits.h>
| #else
| # include <assert.h>
| #endif
| 
| #undef _setmode
| 
| /* Override any GCC internal prototype to avoid an error.
|    Use char because int might match the return type of a GCC
|    builtin and then its argument prototype would still apply.  */
| #ifdef __cplusplus
| extern "C"
| #endif
| char _setmode ();
| /* The GNU C library defines this for functions which it implements
|     to always fail with ENOSYS.  Some functions are actually named
|     something starting with __ and the normal name is an alias.  */
| #if defined __stub__setmode || defined __stub____setmode
| choke me
| #endif
| 
| int
| main ()
| {
| return _setmode ();
|   ;
|   return 0;
| }
configure:6637: result: no
configure:6649: checking for getcwd
configure:6649: gcc -o conftest -g -O2   conftest.c  >&5
configure:6649: $? = 0
configure:6649: result: yes
configure:6649: checking for regcmp
configure:6649: gcc -o conftest -g -O2   conftest.c  >&5
/tmp/ccpJx4eR.o: In function `main':
/media/B/code/cscope-15.9/conftest.c:71: undefined reference to `regcmp'
collect2: error: ld returned 1 exit status
configure:6649: $? = 1
configure: failed program was:
| /* confdefs.h */
| #define PACKAGE_NAME "cscope"
| #define PACKAGE_TARNAME "cscope"
| #define PACKAGE_VERSION "15.9"
| #define PACKAGE_STRING "cscope 15.9"
| #define PACKAGE_BUGREPORT ""
| #define PACKAGE_URL ""
| #define PACKAGE "cscope"
| #define VERSION "15.9"
| #define STDC_HEADERS 1
| #define HAVE_SYS_TYPES_H 1
| #define HAVE_SYS_STAT_H 1
| #define HAVE_STDLIB_H 1
| #define HAVE_STRING_H 1
| #define HAVE_MEMORY_H 1
| #define HAVE_STRINGS_H 1
| #define HAVE_INTTYPES_H 1
| #define HAVE_STDINT_H 1
| #define HAVE_UNISTD_H 1
| #define __EXTENSIONS__ 1
| #define _ALL_SOURCE 1
| #define _GNU_SOURCE 1
| #define _POSIX_PTHREAD_SEMANTICS 1
| #define _TANDEM_SOURCE 1
| #define HAVE_DIRENT_H 1
| #define STDC_HEADERS 1
| #define HAVE_FCNTL_H 1
| #define HAVE_SYS_TERMIOS_H 1
| #define HAVE_UNISTD_H 1
| #define HAVE_SIGNAL_H 1
| #define HAVE_SIGSETJMP 1
| #define HAVE_STRCHR 1
| #define HAVE_MEMCPY 1
| #define HAVE_MEMSET 1
| #define HAVE_GETCWD 1
| /* end confdefs.h.  */
| /* Define regcmp to an innocuous variant, in case <limits.h> declares regcmp.
|    For example, HP-UX 11i <limits.h> declares gettimeofday.  */
| #define regcmp innocuous_regcmp
| 
| /* System header to define __stub macros and hopefully few prototypes,
|     which can conflict with char regcmp (); below.
|     Prefer <limits.h> to <assert.h> if __STDC__ is defined, since
|     <limits.h> exists even on freestanding compilers.  */
| 
| #ifdef __STDC__
| # include <limits.h>
| #else
| # include <assert.h>
| #endif
| 
| #undef regcmp
| 
| /* Override any GCC internal prototype to avoid an error.
|    Use char because int might match the return type of a GCC
|    builtin and then its argument prototype would still apply.  */
| #ifdef __cplusplus
| extern "C"
| #endif
| char regcmp ();
| /* The GNU C library defines this for functions which it implements
|     to always fail with ENOSYS.  Some functions are actually named
|     something starting with __ and the normal name is an alias.  */
| #if defined __stub_regcmp || defined __stub___regcmp
| choke me
| #endif
| 
| int
| main ()
| {
| return regcmp ();
|   ;
|   return 0;
| }
configure:6649: result: no
configure:6649: checking for regcomp
configure:6649: gcc -o conftest -g -O2   conftest.c  >&5
configure:6649: $? = 0
configure:6649: result: yes
configure:6649: checking for strerror
configure:6649: gcc -o conftest -g -O2   conftest.c  >&5
configure:6649: $? = 0
configure:6649: result: yes
configure:6649: checking for lstat
configure:6649: gcc -o conftest -g -O2   conftest.c  >&5
configure:6649: $? = 0
configure:6649: result: yes
configure:6661: checking for fixkeypad
configure:6661: gcc -o conftest -g -O2   conftest.c  >&5
/tmp/ccgWIjuf.o: In function `main':
/media/B/code/cscope-15.9/conftest.c:74: undefined reference to `fixkeypad'
collect2: error: ld returned 1 exit status
configure:6661: $? = 1
configure: failed program was:
| /* confdefs.h */
| #define PACKAGE_NAME "cscope"
| #define PACKAGE_TARNAME "cscope"
| #define PACKAGE_VERSION "15.9"
| #define PACKAGE_STRING "cscope 15.9"
| #define PACKAGE_BUGREPORT ""
| #define PACKAGE_URL ""
| #define PACKAGE "cscope"
| #define VERSION "15.9"
| #define STDC_HEADERS 1
| #define HAVE_SYS_TYPES_H 1
| #define HAVE_SYS_STAT_H 1
| #define HAVE_STDLIB_H 1
| #define HAVE_STRING_H 1
| #define HAVE_MEMORY_H 1
| #define HAVE_STRINGS_H 1
| #define HAVE_INTTYPES_H 1
| #define HAVE_STDINT_H 1
| #define HAVE_UNISTD_H 1
| #define __EXTENSIONS__ 1
| #define _ALL_SOURCE 1
| #define _GNU_SOURCE 1
| #define _POSIX_PTHREAD_SEMANTICS 1
| #define _TANDEM_SOURCE 1
| #define HAVE_DIRENT_H 1
| #define STDC_HEADERS 1
| #define HAVE_FCNTL_H 1
| #define HAVE_SYS_TERMIOS_H 1
| #define HAVE_UNISTD_H 1
| #define HAVE_SIGNAL_H 1
| #define HAVE_SIGSETJMP 1
| #define HAVE_STRCHR 1
| #define HAVE_MEMCPY 1
| #define HAVE_MEMSET 1
| #define HAVE_GETCWD 1
| #define HAVE_REGCOMP 1
| #define HAVE_STRERROR 1
| #define HAVE_LSTAT 1
| /* end confdefs.h.  */
| /* Define fixkeypad to an innocuous variant, in case <limits.h> declares fixkeypad.
|    For example, HP-UX 11i <limits.h> declares gettimeofday.  */
| #define fixkeypad innocuous_fixkeypad
| 
| /* System header to define __stub macros and hopefully few prototypes,
|     which can conflict with char fixkeypad (); below.
|     Prefer <limits.h> to <assert.h> if __STDC__ is defined, since
|     <limits.h> exists even on freestanding compilers.  */
| 
| #ifdef __STDC__
| # include <limits.h>
| #else
| # include <assert.h>
| #endif
| 
| #undef fixkeypad
| 
| /* Override any GCC internal prototype to avoid an error.
|    Use char because int might match the return type of a GCC
|    builtin and then its argument prototype would still apply.  */
| #ifdef __cplusplus
| extern "C"
| #endif
| char fixkeypad ();
| /* The GNU C library defines this for functions which it implements
|     to always fail with ENOSYS.  Some functions are actually named
|     something starting with __ and the normal name is an alias.  */
| #if defined __stub_fixkeypad || defined __stub___fixkeypad
| choke me
| #endif
| 
| int
| main ()
| {
| return fixkeypad ();
|   ;
|   return 0;
| }
configure:6661: result: no
configure:6661: checking for getopt_long
configure:6661: gcc -o conftest -g -O2   conftest.c  >&5
configure:6661: $? = 0
configure:6661: result: yes
configure:6676: checking for stdarg.h
configure:6676: gcc -c -g -O2  conftest.c >&5
configure:6676: $? = 0
configure:6676: result: yes
configure:6676: checking for varargs.h
configure:6676: gcc -c -g -O2  conftest.c >&5
In file included from conftest.c:76:0:
/usr/lib/gcc/x86_64-linux-gnu/7/include/varargs.h:4:2: error: #error "GCC no longer implements <varargs.h>."
 #error "GCC no longer implements <varargs.h>."
  ^~~~~
/usr/lib/gcc/x86_64-linux-gnu/7/include/varargs.h:5:2: error: #error "Revise your code to use <stdarg.h>."
 #error "Revise your code to use <stdarg.h>."
  ^~~~~
configure:6676: $? = 1
configure: failed program was:
| /* confdefs.h */
| #define PACKAGE_NAME "cscope"
| #define PACKAGE_TARNAME "cscope"
| #define PACKAGE_VERSION "15.9"
| #define PACKAGE_STRING "cscope 15.9"
| #define PACKAGE_BUGREPORT ""
| #define PACKAGE_URL ""
| #define PACKAGE "cscope"
| #define VERSION "15.9"
| #define STDC_HEADERS 1
| #define HAVE_SYS_TYPES_H 1
| #define HAVE_SYS_STAT_H 1
| #define HAVE_STDLIB_H 1
| #define HAVE_STRING_H 1
| #define HAVE_MEMORY_H 1
| #define HAVE_STRINGS_H 1
| #define HAVE_INTTYPES_H 1
| #define HAVE_STDINT_H 1
| #define HAVE_UNISTD_H 1
| #define __EXTENSIONS__ 1
| #define _ALL_SOURCE 1
| #define _GNU_SOURCE 1
| #define _POSIX_PTHREAD_SEMANTICS 1
| #define _TANDEM_SOURCE 1
| #define HAVE_DIRENT_H 1
| #define STDC_HEADERS 1
| #define HAVE_FCNTL_H 1
| #define HAVE_SYS_TERMIOS_H 1
| #define HAVE_UNISTD_H 1
| #define HAVE_SIGNAL_H 1
| #define HAVE_SIGSETJMP 1
| #define HAVE_STRCHR 1
| #define HAVE_MEMCPY 1
| #define HAVE_MEMSET 1
| #define HAVE_GETCWD 1
| #define HAVE_REGCOMP 1
| #define HAVE_STRERROR 1
| #define HAVE_LSTAT 1
| #define HAVE_GETOPT_LONG 1
| #define HAVE_STDARG_H 1
| /* end confdefs.h.  */
| #include <stdio.h>
| #ifdef HAVE_SYS_TYPES_H
| # include <sys/types.h>
| #endif
| #ifdef HAVE_SYS_STAT_H
| # include <sys/stat.h>
| #endif
| #ifdef STDC_HEADERS
| # include <stdlib.h>
| # include <stddef.h>
| #else
| # ifdef HAVE_STDLIB_H
| #  include <stdlib.h>
| # endif
| #endif
| #ifdef HAVE_STRING_H
| # if !defined STDC_HEADERS && defined HAVE_MEMORY_H
| #  include <memory.h>
| # endif
| # include <string.h>
| #endif
| #ifdef HAVE_STRINGS_H
| # include <strings.h>
| #endif
| #ifdef HAVE_INTTYPES_H
| # include <inttypes.h>
| #endif
| #ifdef HAVE_STDINT_H
| # include <stdint.h>
| #endif
| #ifdef HAVE_UNISTD_H
| # include <unistd.h>
| #endif
| 
| #include <varargs.h>
configure:6676: result: no
configure:6693: checking for unsigned long long int
configure:6732: gcc -o conftest -g -O2   conftest.c  >&5
configure:6732: $? = 0
configure:6741: result: yes
configure:6750: checking for vsnprintf
configure:6750: gcc -o conftest -g -O2   conftest.c  >&5
conftest.c:66:6: warning: conflicting types for built-in function 'vsnprintf' [-Wbuiltin-declaration-mismatch]
 char vsnprintf ();
      ^~~~~~~~~
configure:6750: $? = 0
configure:6750: result: yes
configure:6758: checking whether vsnprintf is C99 compliant
configure:6793: gcc -o conftest -g -O2   conftest.c  >&5
configure:6793: $? = 0
configure:6793: ./conftest
configure:6793: $? = 0
configure:6803: result: yes
configure:7214: checking for snprintf
configure:7214: gcc -o conftest -g -O2   conftest.c  >&5
conftest.c:67:6: warning: conflicting types for built-in function 'snprintf' [-Wbuiltin-declaration-mismatch]
 char snprintf ();
      ^~~~~~~~
configure:7214: $? = 0
configure:7214: result: yes
configure:7222: checking whether snprintf is C99 compliant
configure:7245: gcc -o conftest -g -O2   conftest.c  >&5
conftest.c: In function 'main':
conftest.c:49:15: warning: 'The answer is ' directive output truncated writing 14 bytes into a region of size 4 [-Wformat-truncation=]
           if (snprintf(buf, 4, "The answer is %27.2g.", 42.0) != 42 ||
               ^~~~~~~~~~~~~~~~~~~~~~~~~~~~~~~~~~~~~~~~~~~~~~~
In file included from /usr/include/stdio.h:862:0,
                 from conftest.c:44:
/usr/include/x86_64-linux-gnu/bits/stdio2.h:64:10: note: '__builtin___snprintf_chk' output 43 bytes into a destination of size 4
   return __builtin___snprintf_chk (__s, __n, __USE_FORTIFY_LEVEL - 1,
          ^~~~~~~~~~~~~~~~~~~~~~~~~~~~~~~~~~~~~~~~~~~~~~~~~~~~~~~~~~~~
        __bos (__s), __fmt, __va_arg_pack ());
        ~~~~~~~~~~~~~~~~~~~~~~~~~~~~~~~~~~~~~
configure:7245: $? = 0
configure:7245: ./conftest
configure:7245: $? = 0
configure:7255: result: yes
configure:7366: checking for vsnprintf
configure:7366: result: yes
configure:7374: checking whether vsnprintf is C99 compliant
configure:7419: result: yes
configure:7837: checking for vasprintf
configure:7837: gcc -o conftest -g -O2   conftest.c  >&5
configure:7837: $? = 0
configure:7837: result: yes
configure:8050: checking for asprintf
configure:8050: gcc -o conftest -g -O2   conftest.c  >&5
configure:8050: $? = 0
configure:8050: result: yes
configure:8165: checking for vasprintf
configure:8165: result: yes
configure:8500: checking that generated files are newer than configure
configure:8506: result: done
configure:8553: creating ./config.status

## ---------------------- ##
## Running config.status. ##
## ---------------------- ##

This file was extended by cscope config.status 15.9, which was
generated by GNU Autoconf 2.69.  Invocation command line was

  CONFIG_FILES    = 
  CONFIG_HEADERS  = 
  CONFIG_LINKS    = 
  CONFIG_COMMANDS = 
  $ ./config.status 

on chenchen-P41-ES3G

config.status:911: creating Makefile
config.status:911: creating doc/Makefile
config.status:911: creating src/Makefile
config.status:911: creating contrib/Makefile
config.status:911: creating config.h
config.status:1092: config.h is unchanged
config.status:1140: executing depfiles commands

## ---------------- ##
## Cache variables. ##
## ---------------- ##

ac_cv_build=x86_64-pc-linux-gnu
ac_cv_c_compiler_gnu=yes
ac_cv_c_const=yes
ac_cv_env_CC_set=
ac_cv_env_CC_value=
ac_cv_env_CFLAGS_set=
ac_cv_env_CFLAGS_value=
ac_cv_env_CPPFLAGS_set=
ac_cv_env_CPPFLAGS_value=
ac_cv_env_CPP_set=
ac_cv_env_CPP_value=
ac_cv_env_LDFLAGS_set=
ac_cv_env_LDFLAGS_value=
ac_cv_env_LIBS_set=
ac_cv_env_LIBS_value=
ac_cv_env_YACC_set=
ac_cv_env_YACC_value=
ac_cv_env_YFLAGS_set=
ac_cv_env_YFLAGS_value=
ac_cv_env_build_alias_set=
ac_cv_env_build_alias_value=
ac_cv_env_host_alias_set=
ac_cv_env_host_alias_value=
ac_cv_env_target_alias_set=
ac_cv_env_target_alias_value=
ac_cv_func__setmode=no
ac_cv_func_asprintf=yes
ac_cv_func_fixkeypad=no
ac_cv_func_getcwd=yes
ac_cv_func_getopt_long=yes
ac_cv_func_lstat=yes
ac_cv_func_memcpy=yes
ac_cv_func_memset=yes
ac_cv_func_regcmp=no
ac_cv_func_regcomp=yes
ac_cv_func_setmode=no
ac_cv_func_snprintf=yes
ac_cv_func_strchr=yes
ac_cv_func_strerror=yes
ac_cv_func_vasprintf=yes
ac_cv_func_vsnprintf=yes
ac_cv_header_dirent_dirent_h=yes
ac_cv_header_fcntl_h=yes
ac_cv_header_floss_h=no
ac_cv_header_inttypes_h=yes
ac_cv_header_io_h=no
ac_cv_header_memory_h=yes
ac_cv_header_minix_config_h=no
ac_cv_header_regex_h=yes
ac_cv_header_signal_h=yes
ac_cv_header_stdarg_h=yes
ac_cv_header_stdc=yes
ac_cv_header_stdint_h=yes
ac_cv_header_stdlib_h=yes
ac_cv_header_string_h=yes
ac_cv_header_strings_h=yes
ac_cv_header_sys_stat_h=yes
ac_cv_header_sys_termios_h=yes
ac_cv_header_sys_types_h=yes
ac_cv_header_sys_window_h=no
ac_cv_header_unistd_h=yes
ac_cv_header_varargs_h=no
ac_cv_host=x86_64-pc-linux-gnu
ac_cv_lib_regex_regcomp=no
ac_cv_objext=o
ac_cv_path_EGREP='/bin/grep -E'
ac_cv_path_GREP=/bin/grep
ac_cv_path_install='/usr/bin/install -c'
ac_cv_path_mkdir=/bin/mkdir
ac_cv_prog_AWK=mawk
ac_cv_prog_CPP='gcc -E'
ac_cv_prog_ac_ct_CC=gcc
ac_cv_prog_cc_c89=
ac_cv_prog_cc_g=yes
ac_cv_prog_make_make_set=yes
ac_cv_safe_to_define___extensions__=yes
ac_cv_search_opendir='none required'
ac_cv_sys_file_offset_bits=no
ac_cv_sys_largefile_CC=no
ac_cv_type_mode_t=yes
ac_cv_type_pid_t=yes
ac_cv_type_sighandler_t=yes
ac_cv_type_size_t=yes
ac_cv_type_unsigned_long_long_int=yes
am_cv_CC_dependencies_compiler_type=gcc3
am_cv_make_support_nested_variables=yes
am_cv_prog_cc_c_o=yes
hw_cv_func_asprintf=yes
hw_cv_func_snprintf=yes
hw_cv_func_snprintf_c99=yes
hw_cv_func_vasprintf=yes
hw_cv_func_vsnprintf=yes
hw_cv_func_vsnprintf_c99=yes

## ----------------- ##
## Output variables. ##
## ----------------- ##

ACLOCAL='${SHELL} /media/B/code/cscope-15.9/missing aclocal-1.15'
AMDEPBACKSLASH='\'
AMDEP_FALSE='#'
AMDEP_TRUE=''
AMTAR='$${TAR-tar}'
AM_BACKSLASH='\'
AM_DEFAULT_V='$(AM_DEFAULT_VERBOSITY)'
AM_DEFAULT_VERBOSITY='1'
AM_V='$(V)'
AUTOCONF='${SHELL} /media/B/code/cscope-15.9/missing autoconf'
AUTOHEADER='${SHELL} /media/B/code/cscope-15.9/missing autoheader'
AUTOMAKE='${SHELL} /media/B/code/cscope-15.9/missing automake-1.15'
AWK='mawk'
CC='gcc'
CCDEPMODE='depmode=gcc3'
CFLAGS='-g -O2'
CPP='gcc -E'
CPPFLAGS=''
CURSES_INCLUDEDIR=''
CURSES_LIBS=''
CYGPATH_W='echo'
DEFS='-DHAVE_CONFIG_H'
DEPDIR='.deps'
ECHO_C=''
ECHO_N='-n'
ECHO_T=''
EGREP='/bin/grep -E'
EXEEXT=''
GNOME_LINUX_FALSE=''
GNOME_LINUX_TRUE='#'
GREP='/bin/grep'
HAS_CURSES_FALSE=''
HAS_CURSES_TRUE='#'
HAS_GNOME_FALSE=''
HAS_GNOME_TRUE='#'
INSTALL_DATA='${INSTALL} -m 644'
INSTALL_PROGRAM='${INSTALL}'
INSTALL_SCRIPT='${INSTALL}'
INSTALL_STRIP_PROGRAM='$(install_sh) -c -s'
LDFLAGS=''
LEX='${SHELL} /media/B/code/cscope-15.9/missing flex'
LEXLIB=''
LEX_OUTPUT_ROOT=''
LIBOBJS=''
LIBS=''
LTLIBOBJS=''
MAKEINFO='${SHELL} /media/B/code/cscope-15.9/missing makeinfo'
MKDIR_P='/bin/mkdir -p'
OBJEXT='o'
PACKAGE='cscope'
PACKAGE_BUGREPORT=''
PACKAGE_NAME='cscope'
PACKAGE_STRING='cscope 15.9'
PACKAGE_TARNAME='cscope'
PACKAGE_URL=''
PACKAGE_VERSION='15.9'
PATH_SEPARATOR=':'
SET_MAKE=''
SHELL='/bin/bash'
STRIP=''
USING_GNOME2_FALSE=''
USING_GNOME2_TRUE='#'
USING_LEX_FALSE=''
USING_LEX_TRUE='#'
VERSION='15.9'
YACC='yacc'
YFLAGS=''
ac_ct_CC='gcc'
am__EXEEXT_FALSE=''
am__EXEEXT_TRUE='#'
am__fastdepCC_FALSE='#'
am__fastdepCC_TRUE=''
am__include='include'
am__isrc=''
am__leading_dot='.'
am__nodep='_no'
am__quote=''
am__tar='$${TAR-tar} chof - "$$tardir"'
am__untar='$${TAR-tar} xf -'
bindir='${exec_prefix}/bin'
build='x86_64-pc-linux-gnu'
build_alias=''
build_cpu='x86_64'
build_os='linux-gnu'
build_vendor='pc'
datadir='${datarootdir}'
datarootdir='${prefix}/share'
docdir='${datarootdir}/doc/${PACKAGE_TARNAME}'
dvidir='${docdir}'
exec_prefix='${prefix}'
gnome1=''
gnome2=''
host='x86_64-pc-linux-gnu'
host_alias=''
host_cpu='x86_64'
host_os='linux-gnu'
host_vendor='pc'
htmldir='${docdir}'
includedir='${prefix}/include'
infodir='${datarootdir}/info'
install_sh='${SHELL} /media/B/code/cscope-15.9/install-sh'
libdir='${exec_prefix}/lib'
libexecdir='${exec_prefix}/libexec'
localedir='${datarootdir}/locale'
localstatedir='${prefix}/var'
mandir='${datarootdir}/man'
mkdir_p='$(MKDIR_P)'
oldincludedir='/usr/include'
pdfdir='${docdir}'
prefix='/usr/local'
program_transform_name='s,x,x,'
psdir='${docdir}'
sbindir='${exec_prefix}/sbin'
sharedstatedir='${prefix}/com'
sysconfdir='${prefix}/etc'
target_alias=''

## ----------- ##
## confdefs.h. ##
## ----------- ##

/* confdefs.h */
#define PACKAGE_NAME "cscope"
#define PACKAGE_TARNAME "cscope"
#define PACKAGE_VERSION "15.9"
#define PACKAGE_STRING "cscope 15.9"
#define PACKAGE_BUGREPORT ""
#define PACKAGE_URL ""
#define PACKAGE "cscope"
#define VERSION "15.9"
#define STDC_HEADERS 1
#define HAVE_SYS_TYPES_H 1
#define HAVE_SYS_STAT_H 1
#define HAVE_STDLIB_H 1
#define HAVE_STRING_H 1
#define HAVE_MEMORY_H 1
#define HAVE_STRINGS_H 1
#define HAVE_INTTYPES_H 1
#define HAVE_STDINT_H 1
#define HAVE_UNISTD_H 1
#define __EXTENSIONS__ 1
#define _ALL_SOURCE 1
#define _GNU_SOURCE 1
#define _POSIX_PTHREAD_SEMANTICS 1
#define _TANDEM_SOURCE 1
#define HAVE_DIRENT_H 1
#define STDC_HEADERS 1
#define HAVE_FCNTL_H 1
#define HAVE_SYS_TERMIOS_H 1
#define HAVE_UNISTD_H 1
#define HAVE_SIGNAL_H 1
#define HAVE_SIGSETJMP 1
#define HAVE_STRCHR 1
#define HAVE_MEMCPY 1
#define HAVE_MEMSET 1
#define HAVE_GETCWD 1
#define HAVE_REGCOMP 1
#define HAVE_STRERROR 1
#define HAVE_LSTAT 1
#define HAVE_GETOPT_LONG 1
#define HAVE_STDARG_H 1
#define HAVE_UNSIGNED_LONG_LONG_INT 1
#define HAVE_VSNPRINTF 1
#define HAVE_SNPRINTF 1
#define HAVE_VSNPRINTF 1
#define HAVE_VASPRINTF 1
#define HAVE_ASPRINTF 1
#define HAVE_VASPRINTF 1
#define Linux 1

configure: exit 0
